<?xml version="1.0" encoding="UTF-8"?>
<testsuite xmlns:xsi="http://www.w3.org/2001/XMLSchema-instance" xsi:noNamespaceSchemaLocation="https://maven.apache.org/surefire/maven-surefire-plugin/xsd/surefire-test-report.xsd" name="cucumber.options.TestRunner" time="16.771" tests="2" errors="0" skipped="0" failures="0">
  <properties>
[...]
</properties>
  <testcase name="Validate Place is added using AddPlace Api" classname="Validating Plcae Api" time="12.303"/>
  <testcase name="Validate Delete place API" classname="Validating Plcae Api" time="2.062"/>
</testsuite>